<?xml version="1.0" encoding="UTF-8"?>
<!-- Generated by org.testng.reporters.JUnitReportReporter -->
<testsuite hostname="MacBook-Pro.local" failures="0" tests="1" name="appiumproject.Appium.AddOnEventBookSliderTest" time="110.975" errors="0" timestamp="2024-04-30T10:54:03 IST" skipped="0">
  <testcase classname="appiumproject.Appium.AddOnEventBookSliderTest" name="AppiumTest" time="110.975"/>
  <system-out/>
</testsuite> <!-- appiumproject.Appium.AddOnEventBookSliderTest -->
