<?xml version="1.0" encoding="UTF-8"?>
<!-- Generated by org.testng.reporters.JUnitReportReporter -->
<testsuite hostname="MacBook-Pro.local" failures="0" tests="1" name="appiumproject.Appium.eComerce_tc_1" time="22.244" errors="0" timestamp="2024-02-26T10:27:49 IST" skipped="0">
  <testcase classname="appiumproject.Appium.eComerce_tc_1" name="FillForm" time="22.244"/>
  <system-out/>
</testsuite> <!-- appiumproject.Appium.eComerce_tc_1 -->
