<?xml version="1.0" encoding="UTF-8"?>
<!-- Generated by org.testng.reporters.JUnitReportReporter -->
<testsuite hostname="MacBook-Pro.local" failures="0" tests="1" name="appiumproject.Appium.AddOnEventBookSliderTest" time="106.270" errors="0" timestamp="2024-05-03T17:54:32 IST" skipped="0">
  <testcase classname="appiumproject.Appium.AddOnEventBookSliderTest" name="AppiumTest" time="106.270"/>
  <system-out/>
</testsuite> <!-- appiumproject.Appium.AddOnEventBookSliderTest -->
