<?xml version="1.0" encoding="UTF-8"?>
<!-- Generated by org.testng.reporters.JUnitReportReporter -->
<testsuite hostname="MacBook-Pro.local" failures="0" tests="1" name="appiumproject.Appium.SwipeDemo" time="4.536" errors="0" timestamp="2024-01-10T12:57:54 IST" skipped="0">
  <testcase classname="appiumproject.Appium.SwipeDemo" name="SwipeDemoTest" time="4.536"/>
  <system-out/>
</testsuite> <!-- appiumproject.Appium.SwipeDemo -->
