<?xml version="1.0" encoding="UTF-8"?>
<!-- Generated by org.testng.reporters.JUnitReportReporter -->
<testsuite hostname="MacBook-Pro.local" failures="0" tests="2" name="appiumproject.Appium.PaidEventBookTest" time="143.557" errors="0" timestamp="2024-04-30T18:16:23 IST" skipped="0">
  <testcase classname="appiumproject.Appium.PaidEventBookTest" name="eventbook" time="101.861"/>
  <system-out/>
  <testcase classname="appiumproject.Appium.PaidEventBookTest" name="scancode" time="41.696"/>
  <system-out/>
</testsuite> <!-- appiumproject.Appium.PaidEventBookTest -->
