<?xml version="1.0" encoding="UTF-8"?>
<!-- Generated by org.testng.reporters.JUnitReportReporter -->
<testsuite hostname="MacBook-Pro.local" failures="0" tests="1" name="appiumproject.Appium.ScrollDemo" time="27.267" errors="0" timestamp="2024-01-10T11:34:53 IST" skipped="0">
  <testcase classname="appiumproject.Appium.ScrollDemo" name="ScrollDemoTest" time="27.267"/>
  <system-out/>
</testsuite> <!-- appiumproject.Appium.ScrollDemo -->
