<?xml version="1.0" encoding="UTF-8"?>
<!-- Generated by org.testng.reporters.JUnitReportReporter -->
<testsuite hostname="MacBook-Pro.local" failures="0" tests="1" name="appiumproject.Appium.DragDropDemo" time="6.139" errors="0" timestamp="2024-02-11T17:21:03 IST" skipped="0">
  <testcase classname="appiumproject.Appium.DragDropDemo" name="DragDropTest" time="6.139"/>
  <system-out/>
</testsuite> <!-- appiumproject.Appium.DragDropDemo -->
