<?xml version="1.0" encoding="UTF-8"?>
<!-- Generated by org.testng.reporters.JUnitReportReporter -->
<testsuite hostname="MacBook-Pro.local" failures="0" tests="1" name="appiumproject.Appium.DonationEventBookTest" time="93.773" errors="0" timestamp="2024-04-30T11:01:12 IST" skipped="0">
  <testcase classname="appiumproject.Appium.DonationEventBookTest" name="AppiumTest" time="93.773"/>
  <system-out/>
</testsuite> <!-- appiumproject.Appium.DonationEventBookTest -->
