<?xml version="1.0" encoding="UTF-8"?>
<!-- Generated by org.testng.reporters.JUnitReportReporter -->
<testsuite hostname="MacBook-Pro.local" failures="0" tests="3" name="appiumproject.Appium.EventListTest" time="134.465" errors="0" timestamp="2024-04-30T11:07:31 IST" skipped="0">
  <testcase classname="appiumproject.Appium.EventListTest" name="category" time="18.506"/>
  <system-out/>
  <testcase classname="appiumproject.Appium.EventListTest" name="filter" time="75.672"/>
  <system-out/>
  <testcase classname="appiumproject.Appium.EventListTest" name="eventListing" time="40.287"/>
  <system-out/>
</testsuite> <!-- appiumproject.Appium.EventListTest -->
