<?xml version="1.0" encoding="UTF-8"?>
<!-- Generated by org.testng.reporters.JUnitReportReporter -->
<testsuite hostname="MacBook-Pro.local" failures="0" tests="1" name="appiumproject.Appium.MiscleniousActivities" time="8.899" errors="0" timestamp="2024-02-12T18:11:34 IST" skipped="0">
  <testcase classname="appiumproject.Appium.MiscleniousActivities" name="AppiumTest" time="8.899"/>
  <system-out/>
</testsuite> <!-- appiumproject.Appium.MiscleniousActivities -->
