<?xml version="1.0" encoding="UTF-8"?>
<!-- Generated by org.testng.reporters.JUnitReportReporter -->
<testsuite hostname="MacBook-Pro.local" failures="0" tests="1" name="appiumproject.Appium.AppiumBasics" time="4.801" errors="0" timestamp="2024-01-07T12:25:39 IST" skipped="0">
  <testcase classname="appiumproject.Appium.AppiumBasics" name="AppiumTest" time="4.801"/>
  <system-out/>
</testsuite> <!-- appiumproject.Appium.AppiumBasics -->
