<?xml version="1.0" encoding="UTF-8"?>
<!-- Generated by org.testng.reporters.JUnitReportReporter -->
<testsuite hostname="MacBook-Pro.local" failures="0" tests="1" name="appiumproject.Appium.ManageSalesTest" time="57.266" errors="0" timestamp="2024-05-06T13:00:48 IST" skipped="0">
  <testcase classname="appiumproject.Appium.ManageSalesTest" name="managesales" time="57.266"/>
  <system-out/>
</testsuite> <!-- appiumproject.Appium.ManageSalesTest -->
