<?xml version="1.0" encoding="UTF-8"?>
<!-- Generated by org.testng.reporters.JUnitReportReporter -->
<testsuite hostname="MacBook-Pro.local" failures="0" tests="1" name="appiumproject.Appium.SignUpTest" time="14.299" errors="0" timestamp="2024-04-22T13:08:48 IST" skipped="0">
  <testcase classname="appiumproject.Appium.SignUpTest" name="AppiumTest" time="14.299"/>
  <system-out/>
</testsuite> <!-- appiumproject.Appium.SignUpTest -->
