<?xml version="1.0" encoding="UTF-8"?>
<!-- Generated by org.testng.reporters.JUnitReportReporter -->
<testsuite hostname="MacBook-Pro.local" failures="0" tests="1" name="appiumproject.Appium.LongPress" time="5.467" errors="0" timestamp="2024-01-07T13:10:23 IST" skipped="0">
  <testcase classname="appiumproject.Appium.LongPress" name="LongPressGesture" time="5.467"/>
  <system-out/>
</testsuite> <!-- appiumproject.Appium.LongPress -->
