<?xml version="1.0" encoding="UTF-8"?>
<!-- Generated by org.testng.reporters.JUnitReportReporter -->
<testsuite hostname="MacBook-Pro.local" failures="0" tests="1" name="appiumproject.Appium.eComerce_tc_3" time="35.237" errors="0" timestamp="2024-03-03T14:40:35 IST" skipped="0">
  <testcase classname="appiumproject.Appium.eComerce_tc_3" name="FillForm" time="35.237"/>
  <system-out/>
</testsuite> <!-- appiumproject.Appium.eComerce_tc_3 -->
